geckodriver: error: Found argument '--websocket-port' which wasn't expected, or isn't valid in this context

USAGE:
    geckodriver [FLAGS] [OPTIONS]

For more information try --help

1666079272545	geckodriver	INFO	Listening on 127.0.0.1:49361
1666079272631	mozrunner::runner	INFO	Running command: "/Applications/Firefox.app/Contents/MacOS/firefox-bin" "--marionette" "--remote-debugging-port" "49362" "--remote-allow-hosts" "localhost" "-foreground" "-no-remote" "-profile" "/var/folders/n4/v2qy6l2d7kl0xhrs561r9b0h0000gn/T/rust_mozprofileS1WjlM"
2022-10-18 09:47:56.092 plugin-container[69151:1525241] nil host used in call to allowsSpecificHTTPSCertificateForHost
2022-10-18 09:47:56.094 plugin-container[69151:1525241] nil host used in call to allowsAnyHTTPSCertificateForHost:
2022-10-18 09:47:56.254 plugin-container[69151:1525241] nil host used in call to allowsSpecificHTTPSCertificateForHost
2022-10-18 09:47:56.254 plugin-container[69151:1525241] nil host used in call to allowsAnyHTTPSCertificateForHost:
2022-10-18 09:47:56.254 plugin-container[69151:1525245] nil host used in call to allowsSpecificHTTPSCertificateForHost
2022-10-18 09:47:56.254 plugin-container[69151:1525245] nil host used in call to allowsAnyHTTPSCertificateForHost:
WebDriver BiDi listening on ws://127.0.0.1:49362
UNSUPPORTED (log once): POSSIBLE ISSUE: unit 1 GLD_TEXTURE_INDEX_2D is unloadable and bound to sampler type (Float) - using zero texture because texture unloadable
DevTools listening on ws://127.0.0.1:49362/devtools/browser/d2011715-b3c9-4072-ae55-93fa9338f6a6
1666079289673	geckodriver	INFO	Listening on 127.0.0.1:49463
1666079290195	mozrunner::runner	INFO	Running command: "/Applications/Firefox.app/Contents/MacOS/firefox-bin" "--marionette" "--remote-debugging-port" "49464" "--remote-allow-hosts" "localhost" "-foreground" "-no-remote" "-profile" "/var/folders/n4/v2qy6l2d7kl0xhrs561r9b0h0000gn/T/rust_mozprofileEfgQRc"
2022-10-18 09:48:10.529 plugin-container[69201:1525887] nil host used in call to allowsSpecificHTTPSCertificateForHost
2022-10-18 09:48:10.529 plugin-container[69201:1525887] nil host used in call to allowsAnyHTTPSCertificateForHost:
2022-10-18 09:48:10.536 plugin-container[69201:1525887] nil host used in call to allowsSpecificHTTPSCertificateForHost
2022-10-18 09:48:10.536 plugin-container[69201:1525887] nil host used in call to allowsAnyHTTPSCertificateForHost:
2022-10-18 09:48:10.536 plugin-container[69201:1525890] nil host used in call to allowsSpecificHTTPSCertificateForHost
2022-10-18 09:48:10.536 plugin-container[69201:1525890] nil host used in call to allowsAnyHTTPSCertificateForHost:
1666079290544	Marionette	INFO	Marionette enabled
1666079290567	Marionette	INFO	Listening on port 49474
Read port: 49474
WebDriver BiDi listening on ws://127.0.0.1:49464
1666079290696	RemoteAgent	WARN	TLS certificate errors will be ignored for this session
UNSUPPORTED (log once): POSSIBLE ISSUE: unit 1 GLD_TEXTURE_INDEX_2D is unloadable and bound to sampler type (Float) - using zero texture because texture unloadable
console.warn: SearchSettings: "get: No settings file exists, new profile?" (new NotFoundError("Could not open the file at /var/folders/n4/v2qy6l2d7kl0xhrs561r9b0h0000gn/T/rust_mozprofileEfgQRc/search.json.mozlz4", (void 0)))
DevTools listening on ws://127.0.0.1:49464/devtools/browser/16a239d1-eed3-430d-abe0-98e88dec2929
Exiting due to channel error.
Exiting due to channel error.
Exiting due to channel error.
1666079587243	geckodriver	INFO	Listening on 127.0.0.1:50056
1666079587249	mozrunner::runner	INFO	Running command: "/Applications/Firefox.app/Contents/MacOS/firefox-bin" "--marionette" "--remote-debugging-port" "50057" "--remote-allow-hosts" "localhost" "-foreground" "-no-remote" "-profile" "/var/folders/n4/v2qy6l2d7kl0xhrs561r9b0h0000gn/T/rust_mozprofileUjyqXK"
2022-10-18 09:53:07.569 plugin-container[69975:1531453] nil host used in call to allowsSpecificHTTPSCertificateForHost
2022-10-18 09:53:07.570 plugin-container[69975:1531453] nil host used in call to allowsAnyHTTPSCertificateForHost:
1666079587577	Marionette	INFO	Marionette enabled
2022-10-18 09:53:07.583 plugin-container[69975:1531453] nil host used in call to allowsSpecificHTTPSCertificateForHost
2022-10-18 09:53:07.583 plugin-container[69975:1531453] nil host used in call to allowsAnyHTTPSCertificateForHost:
2022-10-18 09:53:07.584 plugin-container[69975:1531455] nil host used in call to allowsSpecificHTTPSCertificateForHost
2022-10-18 09:53:07.584 plugin-container[69975:1531455] nil host used in call to allowsAnyHTTPSCertificateForHost:
1666079587603	Marionette	INFO	Listening on port 50060
Read port: 50060
WebDriver BiDi listening on ws://127.0.0.1:50057
1666079587804	RemoteAgent	WARN	TLS certificate errors will be ignored for this session
UNSUPPORTED (log once): POSSIBLE ISSUE: unit 1 GLD_TEXTURE_INDEX_2D is unloadable and bound to sampler type (Float) - using zero texture because texture unloadable
console.warn: SearchSettings: "get: No settings file exists, new profile?" (new NotFoundError("Could not open the file at /var/folders/n4/v2qy6l2d7kl0xhrs561r9b0h0000gn/T/rust_mozprofileUjyqXK/search.json.mozlz4", (void 0)))
DevTools listening on ws://127.0.0.1:50057/devtools/browser/0b3b1a99-1b5b-491d-93e6-bafa46c82c25
1666079604195	geckodriver	INFO	Listening on 127.0.0.1:50200
1666079604710	mozrunner::runner	INFO	Running command: "/Applications/Firefox.app/Contents/MacOS/firefox-bin" "--marionette" "--remote-debugging-port" "50201" "--remote-allow-hosts" "localhost" "-foreground" "-no-remote" "-profile" "/var/folders/n4/v2qy6l2d7kl0xhrs561r9b0h0000gn/T/rust_mozprofile0xveOB"
2022-10-18 09:53:24.954 plugin-container[70023:1532112] nil host used in call to allowsSpecificHTTPSCertificateForHost
2022-10-18 09:53:24.954 plugin-container[70023:1532112] nil host used in call to allowsAnyHTTPSCertificateForHost:
2022-10-18 09:53:24.957 plugin-container[70023:1532112] nil host used in call to allowsSpecificHTTPSCertificateForHost
2022-10-18 09:53:24.957 plugin-container[70023:1532112] nil host used in call to allowsAnyHTTPSCertificateForHost:
2022-10-18 09:53:24.957 plugin-container[70023:1532117] nil host used in call to allowsSpecificHTTPSCertificateForHost
2022-10-18 09:53:24.957 plugin-container[70023:1532117] nil host used in call to allowsAnyHTTPSCertificateForHost:
1666079604965	Marionette	INFO	Marionette enabled
1666079605001	Marionette	INFO	Listening on port 50214
Read port: 50214
WebDriver BiDi listening on ws://127.0.0.1:50201
1666079605233	RemoteAgent	WARN	TLS certificate errors will be ignored for this session
UNSUPPORTED (log once): POSSIBLE ISSUE: unit 1 GLD_TEXTURE_INDEX_2D is unloadable and bound to sampler type (Float) - using zero texture because texture unloadable
console.warn: SearchSettings: "get: No settings file exists, new profile?" (new NotFoundError("Could not open the file at /var/folders/n4/v2qy6l2d7kl0xhrs561r9b0h0000gn/T/rust_mozprofile0xveOB/search.json.mozlz4", (void 0)))
DevTools listening on ws://127.0.0.1:50201/devtools/browser/108ec7cb-fbe2-4e3b-836a-6f8b21ad674e
Exiting due to channel error.
Exiting due to channel error.
Exiting due to channel error.
1666079618717	geckodriver	INFO	Listening on 127.0.0.1:50501
1666079618722	mozrunner::runner	INFO	Running command: "/Applications/Firefox.app/Contents/MacOS/firefox-bin" "--marionette" "--remote-debugging-port" "50502" "--remote-allow-hosts" "localhost" "-foreground" "-no-remote" "-profile" "/var/folders/n4/v2qy6l2d7kl0xhrs561r9b0h0000gn/T/rust_mozprofile4JPdSp"
2022-10-18 09:53:39.016 plugin-container[70085:1532666] nil host used in call to allowsSpecificHTTPSCertificateForHost
2022-10-18 09:53:39.016 plugin-container[70085:1532666] nil host used in call to allowsAnyHTTPSCertificateForHost:
2022-10-18 09:53:39.019 plugin-container[70085:1532666] nil host used in call to allowsSpecificHTTPSCertificateForHost
2022-10-18 09:53:39.019 plugin-container[70085:1532666] nil host used in call to allowsAnyHTTPSCertificateForHost:
2022-10-18 09:53:39.019 plugin-container[70085:1532664] nil host used in call to allowsSpecificHTTPSCertificateForHost
2022-10-18 09:53:39.019 plugin-container[70085:1532664] nil host used in call to allowsAnyHTTPSCertificateForHost:
1666079619026	Marionette	INFO	Marionette enabled
1666079619053	Marionette	INFO	Listening on port 50507
Read port: 50507
WebDriver BiDi listening on ws://127.0.0.1:50502
1666079619182	RemoteAgent	WARN	TLS certificate errors will be ignored for this session
UNSUPPORTED (log once): POSSIBLE ISSUE: unit 1 GLD_TEXTURE_INDEX_2D is unloadable and bound to sampler type (Float) - using zero texture because texture unloadable
console.warn: SearchSettings: "get: No settings file exists, new profile?" (new NotFoundError("Could not open the file at /var/folders/n4/v2qy6l2d7kl0xhrs561r9b0h0000gn/T/rust_mozprofile4JPdSp/search.json.mozlz4", (void 0)))
DevTools listening on ws://127.0.0.1:50502/devtools/browser/10419f0e-11bb-4f64-9ab1-9f90d7025c62
Exiting due to channel error.
Exiting due to channel error.
Exiting due to channel error.
1666079673791	geckodriver	INFO	Listening on 127.0.0.1:50808
1666079673797	mozrunner::runner	INFO	Running command: "/Applications/Firefox.app/Contents/MacOS/firefox-bin" "--marionette" "--remote-debugging-port" "50809" "--remote-allow-hosts" "localhost" "-foreground" "-no-remote" "-profile" "/var/folders/n4/v2qy6l2d7kl0xhrs561r9b0h0000gn/T/rust_mozprofile71loxC"
2022-10-18 09:54:34.096 plugin-container[70225:1533872] nil host used in call to allowsSpecificHTTPSCertificateForHost
2022-10-18 09:54:34.096 plugin-container[70225:1533872] nil host used in call to allowsAnyHTTPSCertificateForHost:
2022-10-18 09:54:34.101 plugin-container[70225:1533872] nil host used in call to allowsSpecificHTTPSCertificateForHost
2022-10-18 09:54:34.101 plugin-container[70225:1533872] nil host used in call to allowsAnyHTTPSCertificateForHost:
2022-10-18 09:54:34.101 plugin-container[70225:1533875] nil host used in call to allowsSpecificHTTPSCertificateForHost
2022-10-18 09:54:34.101 plugin-container[70225:1533875] nil host used in call to allowsAnyHTTPSCertificateForHost:
1666079674109	Marionette	INFO	Marionette enabled
1666079674131	Marionette	INFO	Listening on port 50812
Read port: 50812
WebDriver BiDi listening on ws://127.0.0.1:50809
1666079674262	RemoteAgent	WARN	TLS certificate errors will be ignored for this session
UNSUPPORTED (log once): POSSIBLE ISSUE: unit 1 GLD_TEXTURE_INDEX_2D is unloadable and bound to sampler type (Float) - using zero texture because texture unloadable
console.warn: SearchSettings: "get: No settings file exists, new profile?" (new NotFoundError("Could not open the file at /var/folders/n4/v2qy6l2d7kl0xhrs561r9b0h0000gn/T/rust_mozprofile71loxC/search.json.mozlz4", (void 0)))
DevTools listening on ws://127.0.0.1:50809/devtools/browser/57b93f3b-0560-4f59-b3e1-937bd3150ae6
Exiting due to channel error.
Exiting due to channel error.
Exiting due to channel error.
1666079679690	geckodriver	INFO	Listening on 127.0.0.1:50858
1666079679695	mozrunner::runner	INFO	Running command: "/Applications/Firefox.app/Contents/MacOS/firefox-bin" "--marionette" "--remote-debugging-port" "50859" "--remote-allow-hosts" "localhost" "-foreground" "-no-remote" "-profile" "/var/folders/n4/v2qy6l2d7kl0xhrs561r9b0h0000gn/T/rust_mozprofilels6EPA"
2022-10-18 09:54:39.990 plugin-container[70260:1534322] nil host used in call to allowsSpecificHTTPSCertificateForHost
2022-10-18 09:54:39.990 plugin-container[70260:1534322] nil host used in call to allowsAnyHTTPSCertificateForHost:
2022-10-18 09:54:39.993 plugin-container[70260:1534322] nil host used in call to allowsSpecificHTTPSCertificateForHost
2022-10-18 09:54:39.993 plugin-container[70260:1534322] nil host used in call to allowsAnyHTTPSCertificateForHost:
2022-10-18 09:54:39.994 plugin-container[70260:1534324] nil host used in call to allowsSpecificHTTPSCertificateForHost
2022-10-18 09:54:39.994 plugin-container[70260:1534324] nil host used in call to allowsAnyHTTPSCertificateForHost:
1666079680002	Marionette	INFO	Marionette enabled
1666079680022	Marionette	INFO	Listening on port 50862
Read port: 50862
WebDriver BiDi listening on ws://127.0.0.1:50859
1666079680157	RemoteAgent	WARN	TLS certificate errors will be ignored for this session
UNSUPPORTED (log once): POSSIBLE ISSUE: unit 1 GLD_TEXTURE_INDEX_2D is unloadable and bound to sampler type (Float) - using zero texture because texture unloadable
console.warn: SearchSettings: "get: No settings file exists, new profile?" (new NotFoundError("Could not open the file at /var/folders/n4/v2qy6l2d7kl0xhrs561r9b0h0000gn/T/rust_mozprofilels6EPA/search.json.mozlz4", (void 0)))
DevTools listening on ws://127.0.0.1:50859/devtools/browser/2bcb198f-9ee1-4405-9655-8363177f73fd
1666079749706	Marionette	INFO	Stopped listening on port 50060
1666079751981	Marionette	INFO	Stopped listening on port 50862
1666080283448	geckodriver	INFO	Listening on 127.0.0.1:51254
1666080283453	mozrunner::runner	INFO	Running command: "/Applications/Firefox.app/Contents/MacOS/firefox-bin" "--marionette" "--remote-debugging-port" "51255" "--remote-allow-hosts" "localhost" "-foreground" "-no-remote" "-profile" "/var/folders/n4/v2qy6l2d7kl0xhrs561r9b0h0000gn/T/rust_mozprofile4WpbDX"
1666080283796	Marionette	INFO	Marionette enabled
2022-10-18 10:04:43.821 plugin-container[71173:1540739] nil host used in call to allowsSpecificHTTPSCertificateForHost
2022-10-18 10:04:43.821 plugin-container[71173:1540739] nil host used in call to allowsAnyHTTPSCertificateForHost:
1666080283823	Marionette	INFO	Listening on port 51258
2022-10-18 10:04:43.824 plugin-container[71173:1540739] nil host used in call to allowsSpecificHTTPSCertificateForHost
2022-10-18 10:04:43.824 plugin-container[71173:1540739] nil host used in call to allowsAnyHTTPSCertificateForHost:
2022-10-18 10:04:43.824 plugin-container[71173:1540763] nil host used in call to allowsSpecificHTTPSCertificateForHost
2022-10-18 10:04:43.824 plugin-container[71173:1540763] nil host used in call to allowsAnyHTTPSCertificateForHost:
Read port: 51258
WebDriver BiDi listening on ws://127.0.0.1:51255
1666080284022	RemoteAgent	WARN	TLS certificate errors will be ignored for this session
UNSUPPORTED (log once): POSSIBLE ISSUE: unit 1 GLD_TEXTURE_INDEX_2D is unloadable and bound to sampler type (Float) - using zero texture because texture unloadable
console.warn: SearchSettings: "get: No settings file exists, new profile?" (new NotFoundError("Could not open the file at /var/folders/n4/v2qy6l2d7kl0xhrs561r9b0h0000gn/T/rust_mozprofile4WpbDX/search.json.mozlz4", (void 0)))
DevTools listening on ws://127.0.0.1:51255/devtools/browser/a4106b73-86dc-4a25-80f4-e8967ce4beab
Exiting due to channel error.
Exiting due to channel error.
Exiting due to channel error.
1666080307007	geckodriver	INFO	Listening on 127.0.0.1:51358
1666080307013	mozrunner::runner	INFO	Running command: "/Applications/Firefox.app/Contents/MacOS/firefox-bin" "--marionette" "--remote-debugging-port" "51359" "--remote-allow-hosts" "localhost" "-foreground" "-no-remote" "-profile" "/var/folders/n4/v2qy6l2d7kl0xhrs561r9b0h0000gn/T/rust_mozprofilefpimKS"
2022-10-18 10:05:07.252 plugin-container[71252:1541501] nil host used in call to allowsSpecificHTTPSCertificateForHost
2022-10-18 10:05:07.252 plugin-container[71252:1541501] nil host used in call to allowsAnyHTTPSCertificateForHost:
2022-10-18 10:05:07.258 plugin-container[71252:1541501] nil host used in call to allowsSpecificHTTPSCertificateForHost
2022-10-18 10:05:07.258 plugin-container[71252:1541501] nil host used in call to allowsAnyHTTPSCertificateForHost:
2022-10-18 10:05:07.258 plugin-container[71252:1541509] nil host used in call to allowsSpecificHTTPSCertificateForHost
2022-10-18 10:05:07.258 plugin-container[71252:1541509] nil host used in call to allowsAnyHTTPSCertificateForHost:
1666080307266	Marionette	INFO	Marionette enabled
1666080307297	Marionette	INFO	Listening on port 51362
Read port: 51362
WebDriver BiDi listening on ws://127.0.0.1:51359
1666080307534	RemoteAgent	WARN	TLS certificate errors will be ignored for this session
UNSUPPORTED (log once): POSSIBLE ISSUE: unit 1 GLD_TEXTURE_INDEX_2D is unloadable and bound to sampler type (Float) - using zero texture because texture unloadable
console.warn: SearchSettings: "get: No settings file exists, new profile?" (new NotFoundError("Could not open the file at /var/folders/n4/v2qy6l2d7kl0xhrs561r9b0h0000gn/T/rust_mozprofilefpimKS/search.json.mozlz4", (void 0)))
DevTools listening on ws://127.0.0.1:51359/devtools/browser/e7992b0b-e9d8-46c1-bfc9-95b7fa44fb45
Exiting due to channel error.
Exiting due to channel error.
Exiting due to channel error.
1666080400999	geckodriver	INFO	Listening on 127.0.0.1:51487
1666080401004	mozrunner::runner	INFO	Running command: "/Applications/Firefox.app/Contents/MacOS/firefox-bin" "--marionette" "--remote-debugging-port" "51488" "--remote-allow-hosts" "localhost" "-foreground" "-no-remote" "-profile" "/var/folders/n4/v2qy6l2d7kl0xhrs561r9b0h0000gn/T/rust_mozprofilesrPpI0"
2022-10-18 10:06:41.298 plugin-container[71486:1543022] nil host used in call to allowsSpecificHTTPSCertificateForHost
2022-10-18 10:06:41.298 plugin-container[71486:1543022] nil host used in call to allowsAnyHTTPSCertificateForHost:
2022-10-18 10:06:41.301 plugin-container[71486:1543022] nil host used in call to allowsSpecificHTTPSCertificateForHost
2022-10-18 10:06:41.301 plugin-container[71486:1543022] nil host used in call to allowsAnyHTTPSCertificateForHost:
2022-10-18 10:06:41.301 plugin-container[71486:1543030] nil host used in call to allowsSpecificHTTPSCertificateForHost
2022-10-18 10:06:41.301 plugin-container[71486:1543030] nil host used in call to allowsAnyHTTPSCertificateForHost:
1666080401308	Marionette	INFO	Marionette enabled
1666080401337	Marionette	INFO	Listening on port 51491
Read port: 51491
WebDriver BiDi listening on ws://127.0.0.1:51488
1666080401466	RemoteAgent	WARN	TLS certificate errors will be ignored for this session
UNSUPPORTED (log once): POSSIBLE ISSUE: unit 1 GLD_TEXTURE_INDEX_2D is unloadable and bound to sampler type (Float) - using zero texture because texture unloadable
console.warn: SearchSettings: "get: No settings file exists, new profile?" (new NotFoundError("Could not open the file at /var/folders/n4/v2qy6l2d7kl0xhrs561r9b0h0000gn/T/rust_mozprofilesrPpI0/search.json.mozlz4", (void 0)))
DevTools listening on ws://127.0.0.1:51488/devtools/browser/99af1336-c9c6-4ff5-9cea-0ec352c198bb
[GFX1-]: Receive IPC close with reason=AbnormalShutdown
Exiting due to channel error.
Exiting due to channel error.
Exiting due to channel error.
1666080790171	geckodriver	INFO	Listening on 127.0.0.1:51716
1666080790175	mozrunner::runner	INFO	Running command: "/Applications/Firefox.app/Contents/MacOS/firefox-bin" "--marionette" "--remote-debugging-port" "51717" "--remote-allow-hosts" "localhost" "-foreground" "-no-remote" "-profile" "/var/folders/n4/v2qy6l2d7kl0xhrs561r9b0h0000gn/T/rust_mozprofileV2VHXQ"
2022-10-18 10:13:10.490 plugin-container[72388:1548247] nil host used in call to allowsSpecificHTTPSCertificateForHost
2022-10-18 10:13:10.490 plugin-container[72388:1548247] nil host used in call to allowsAnyHTTPSCertificateForHost:
1666080790499	Marionette	INFO	Marionette enabled
2022-10-18 10:13:10.506 plugin-container[72388:1548247] nil host used in call to allowsSpecificHTTPSCertificateForHost
2022-10-18 10:13:10.506 plugin-container[72388:1548247] nil host used in call to allowsAnyHTTPSCertificateForHost:
2022-10-18 10:13:10.507 plugin-container[72388:1548255] nil host used in call to allowsSpecificHTTPSCertificateForHost
2022-10-18 10:13:10.507 plugin-container[72388:1548255] nil host used in call to allowsAnyHTTPSCertificateForHost:
1666080790522	Marionette	INFO	Listening on port 51721
Read port: 51721
WebDriver BiDi listening on ws://127.0.0.1:51717
1666080790731	RemoteAgent	WARN	TLS certificate errors will be ignored for this session
UNSUPPORTED (log once): POSSIBLE ISSUE: unit 1 GLD_TEXTURE_INDEX_2D is unloadable and bound to sampler type (Float) - using zero texture because texture unloadable
console.warn: SearchSettings: "get: No settings file exists, new profile?" (new NotFoundError("Could not open the file at /var/folders/n4/v2qy6l2d7kl0xhrs561r9b0h0000gn/T/rust_mozprofileV2VHXQ/search.json.mozlz4", (void 0)))
DevTools listening on ws://127.0.0.1:51717/devtools/browser/e010c677-c537-4044-b36a-90dab6d47825
Exiting due to channel error.
Exiting due to channel error.
Exiting due to channel error.
1666081242143	geckodriver	INFO	Listening on 127.0.0.1:52038
1666081242666	mozrunner::runner	INFO	Running command: "/Applications/Firefox.app/Contents/MacOS/firefox-bin" "--marionette" "--remote-debugging-port" "52039" "--remote-allow-hosts" "localhost" "-foreground" "-no-remote" "-profile" "/var/folders/n4/v2qy6l2d7kl0xhrs561r9b0h0000gn/T/rust_mozprofilexF2OoA"
2022-10-18 10:20:43.182 plugin-container[73372:1554607] nil host used in call to allowsSpecificHTTPSCertificateForHost
2022-10-18 10:20:43.182 plugin-container[73372:1554607] nil host used in call to allowsAnyHTTPSCertificateForHost:
1666081243184	Marionette	INFO	Marionette enabled
2022-10-18 10:20:43.216 plugin-container[73372:1554607] nil host used in call to allowsSpecificHTTPSCertificateForHost
2022-10-18 10:20:43.216 plugin-container[73372:1554607] nil host used in call to allowsAnyHTTPSCertificateForHost:
2022-10-18 10:20:43.216 plugin-container[73372:1554605] nil host used in call to allowsSpecificHTTPSCertificateForHost
2022-10-18 10:20:43.216 plugin-container[73372:1554605] nil host used in call to allowsAnyHTTPSCertificateForHost:
1666081243346	Marionette	INFO	Listening on port 52045
Read port: 52045
WebDriver BiDi listening on ws://127.0.0.1:52039
1666081243427	RemoteAgent	WARN	TLS certificate errors will be ignored for this session
UNSUPPORTED (log once): POSSIBLE ISSUE: unit 1 GLD_TEXTURE_INDEX_2D is unloadable and bound to sampler type (Float) - using zero texture because texture unloadable
console.warn: SearchSettings: "get: No settings file exists, new profile?" (new NotFoundError("Could not open the file at /var/folders/n4/v2qy6l2d7kl0xhrs561r9b0h0000gn/T/rust_mozprofilexF2OoA/search.json.mozlz4", (void 0)))
DevTools listening on ws://127.0.0.1:52039/devtools/browser/f8d426a8-71b9-4db5-b4b0-03e37c61df9b
Exiting due to channel error.
Exiting due to channel error.
Exiting due to channel error.
1666081247705	geckodriver	INFO	Listening on 127.0.0.1:52066
1666081247710	mozrunner::runner	INFO	Running command: "/Applications/Firefox.app/Contents/MacOS/firefox-bin" "--marionette" "--remote-debugging-port" "52067" "--remote-allow-hosts" "localhost" "-foreground" "-no-remote" "-profile" "/var/folders/n4/v2qy6l2d7kl0xhrs561r9b0h0000gn/T/rust_mozprofilejaqvbv"
2022-10-18 10:20:48.002 plugin-container[73391:1555007] nil host used in call to allowsSpecificHTTPSCertificateForHost
2022-10-18 10:20:48.002 plugin-container[73391:1555007] nil host used in call to allowsAnyHTTPSCertificateForHost:
2022-10-18 10:20:48.004 plugin-container[73391:1555007] nil host used in call to allowsSpecificHTTPSCertificateForHost
2022-10-18 10:20:48.004 plugin-container[73391:1555007] nil host used in call to allowsAnyHTTPSCertificateForHost:
2022-10-18 10:20:48.005 plugin-container[73391:1555009] nil host used in call to allowsSpecificHTTPSCertificateForHost
2022-10-18 10:20:48.005 plugin-container[73391:1555009] nil host used in call to allowsAnyHTTPSCertificateForHost:
1666081248014	Marionette	INFO	Marionette enabled
1666081248037	Marionette	INFO	Listening on port 52070
Read port: 52070
WebDriver BiDi listening on ws://127.0.0.1:52067
1666081248168	RemoteAgent	WARN	TLS certificate errors will be ignored for this session
UNSUPPORTED (log once): POSSIBLE ISSUE: unit 1 GLD_TEXTURE_INDEX_2D is unloadable and bound to sampler type (Float) - using zero texture because texture unloadable
console.warn: SearchSettings: "get: No settings file exists, new profile?" (new NotFoundError("Could not open the file at /var/folders/n4/v2qy6l2d7kl0xhrs561r9b0h0000gn/T/rust_mozprofilejaqvbv/search.json.mozlz4", (void 0)))
DevTools listening on ws://127.0.0.1:52067/devtools/browser/22b851d0-889b-4cd2-9642-13286fc0eac2
1666081249775	Marionette	INFO	Stopped listening on port 52070
console.error: Region.jsm: "Error fetching region" (new TypeError("NetworkError when attempting to fetch resource.", ""))
console.error: Region.jsm: "Failed to fetch region" (new Error("NO_RESULT", "resource://gre/modules/Region.jsm", 420))
1666081252327	geckodriver	INFO	Listening on 127.0.0.1:52092
1666081252332	mozrunner::runner	INFO	Running command: "/Applications/Firefox.app/Contents/MacOS/firefox-bin" "--marionette" "--remote-debugging-port" "52093" "--remote-allow-hosts" "localhost" "-foreground" "-no-remote" "-profile" "/var/folders/n4/v2qy6l2d7kl0xhrs561r9b0h0000gn/T/rust_mozprofilegHhD0N"
2022-10-18 10:20:52.650 plugin-container[73429:1555394] nil host used in call to allowsSpecificHTTPSCertificateForHost
2022-10-18 10:20:52.650 plugin-container[73429:1555394] nil host used in call to allowsAnyHTTPSCertificateForHost:
2022-10-18 10:20:52.653 plugin-container[73429:1555394] nil host used in call to allowsSpecificHTTPSCertificateForHost
2022-10-18 10:20:52.653 plugin-container[73429:1555394] nil host used in call to allowsAnyHTTPSCertificateForHost:
2022-10-18 10:20:52.653 plugin-container[73429:1555421] nil host used in call to allowsSpecificHTTPSCertificateForHost
2022-10-18 10:20:52.653 plugin-container[73429:1555421] nil host used in call to allowsAnyHTTPSCertificateForHost:
1666081252660	Marionette	INFO	Marionette enabled
1666081252682	Marionette	INFO	Listening on port 52096
Read port: 52096
WebDriver BiDi listening on ws://127.0.0.1:52093
1666081252883	RemoteAgent	WARN	TLS certificate errors will be ignored for this session
UNSUPPORTED (log once): POSSIBLE ISSUE: unit 1 GLD_TEXTURE_INDEX_2D is unloadable and bound to sampler type (Float) - using zero texture because texture unloadable
console.warn: SearchSettings: "get: No settings file exists, new profile?" (new NotFoundError("Could not open the file at /var/folders/n4/v2qy6l2d7kl0xhrs561r9b0h0000gn/T/rust_mozprofilegHhD0N/search.json.mozlz4", (void 0)))
DevTools listening on ws://127.0.0.1:52093/devtools/browser/7ec4f2e8-6b75-4d3f-aecc-bffcc7ad96b0
1666081310461	geckodriver	INFO	Listening on 127.0.0.1:52306
1666081310467	mozrunner::runner	INFO	Running command: "/Applications/Firefox.app/Contents/MacOS/firefox-bin" "--marionette" "--remote-debugging-port" "52307" "--remote-allow-hosts" "localhost" "-foreground" "-no-remote" "-profile" "/var/folders/n4/v2qy6l2d7kl0xhrs561r9b0h0000gn/T/rust_mozprofiley5b3DW"
2022-10-18 10:21:50.765 plugin-container[73580:1557101] nil host used in call to allowsSpecificHTTPSCertificateForHost
2022-10-18 10:21:50.765 plugin-container[73580:1557101] nil host used in call to allowsAnyHTTPSCertificateForHost:
1666081310774	Marionette	INFO	Marionette enabled
2022-10-18 10:21:50.790 plugin-container[73580:1557101] nil host used in call to allowsSpecificHTTPSCertificateForHost
2022-10-18 10:21:50.790 plugin-container[73580:1557101] nil host used in call to allowsAnyHTTPSCertificateForHost:
2022-10-18 10:21:50.790 plugin-container[73580:1557099] nil host used in call to allowsSpecificHTTPSCertificateForHost
2022-10-18 10:21:50.790 plugin-container[73580:1557099] nil host used in call to allowsAnyHTTPSCertificateForHost:
1666081310798	Marionette	INFO	Listening on port 52310
Read port: 52310
WebDriver BiDi listening on ws://127.0.0.1:52307
1666081310996	RemoteAgent	WARN	TLS certificate errors will be ignored for this session
UNSUPPORTED (log once): POSSIBLE ISSUE: unit 1 GLD_TEXTURE_INDEX_2D is unloadable and bound to sampler type (Float) - using zero texture because texture unloadable
console.warn: SearchSettings: "get: No settings file exists, new profile?" (new NotFoundError("Could not open the file at /var/folders/n4/v2qy6l2d7kl0xhrs561r9b0h0000gn/T/rust_mozprofiley5b3DW/search.json.mozlz4", (void 0)))
DevTools listening on ws://127.0.0.1:52307/devtools/browser/8bc3b3a3-8e15-444f-88cf-e085fadf0c2e
1666081329606	geckodriver	INFO	Listening on 127.0.0.1:52384
1666081329611	mozrunner::runner	INFO	Running command: "/Applications/Firefox.app/Contents/MacOS/firefox-bin" "--marionette" "--remote-debugging-port" "52385" "--remote-allow-hosts" "localhost" "-foreground" "-no-remote" "-profile" "/var/folders/n4/v2qy6l2d7kl0xhrs561r9b0h0000gn/T/rust_mozprofilexaJzwE"
2022-10-18 10:22:09.923 plugin-container[73649:1557826] nil host used in call to allowsSpecificHTTPSCertificateForHost
2022-10-18 10:22:09.923 plugin-container[73649:1557826] nil host used in call to allowsAnyHTTPSCertificateForHost:
2022-10-18 10:22:09.928 plugin-container[73649:1557826] nil host used in call to allowsSpecificHTTPSCertificateForHost
2022-10-18 10:22:09.928 plugin-container[73649:1557826] nil host used in call to allowsAnyHTTPSCertificateForHost:
2022-10-18 10:22:09.929 plugin-container[73649:1557824] nil host used in call to allowsSpecificHTTPSCertificateForHost
2022-10-18 10:22:09.929 plugin-container[73649:1557824] nil host used in call to allowsAnyHTTPSCertificateForHost:
1666081329936	Marionette	INFO	Marionette enabled
1666081329959	Marionette	INFO	Listening on port 52390
Read port: 52390
WebDriver BiDi listening on ws://127.0.0.1:52385
1666081330090	RemoteAgent	WARN	TLS certificate errors will be ignored for this session
UNSUPPORTED (log once): POSSIBLE ISSUE: unit 1 GLD_TEXTURE_INDEX_2D is unloadable and bound to sampler type (Float) - using zero texture because texture unloadable
console.warn: SearchSettings: "get: No settings file exists, new profile?" (new NotFoundError("Could not open the file at /var/folders/n4/v2qy6l2d7kl0xhrs561r9b0h0000gn/T/rust_mozprofilexaJzwE/search.json.mozlz4", (void 0)))
DevTools listening on ws://127.0.0.1:52385/devtools/browser/7c522cb4-ca84-4c7a-9489-154118942a74
1666081334686	Marionette	INFO	Stopped listening on port 52310
1666081336359	Marionette	INFO	Stopped listening on port 52096
1666081351621	geckodriver	INFO	Listening on 127.0.0.1:52464
1666081351626	mozrunner::runner	INFO	Running command: "/Applications/Firefox.app/Contents/MacOS/firefox-bin" "--marionette" "--remote-debugging-port" "52465" "--remote-allow-hosts" "localhost" "-foreground" "-no-remote" "-profile" "/var/folders/n4/v2qy6l2d7kl0xhrs561r9b0h0000gn/T/rust_mozprofileSvpsKe"
2022-10-18 10:22:31.910 plugin-container[73722:1558581] nil host used in call to allowsSpecificHTTPSCertificateForHost
2022-10-18 10:22:31.910 plugin-container[73722:1558581] nil host used in call to allowsAnyHTTPSCertificateForHost:
2022-10-18 10:22:31.912 plugin-container[73722:1558581] nil host used in call to allowsSpecificHTTPSCertificateForHost
2022-10-18 10:22:31.912 plugin-container[73722:1558581] nil host used in call to allowsAnyHTTPSCertificateForHost:
2022-10-18 10:22:31.912 plugin-container[73722:1558583] nil host used in call to allowsSpecificHTTPSCertificateForHost
2022-10-18 10:22:31.912 plugin-container[73722:1558583] nil host used in call to allowsAnyHTTPSCertificateForHost:
1666081351921	Marionette	INFO	Marionette enabled
1666081351945	Marionette	INFO	Listening on port 52468
Read port: 52468
WebDriver BiDi listening on ws://127.0.0.1:52465
1666081352079	RemoteAgent	WARN	TLS certificate errors will be ignored for this session
UNSUPPORTED (log once): POSSIBLE ISSUE: unit 1 GLD_TEXTURE_INDEX_2D is unloadable and bound to sampler type (Float) - using zero texture because texture unloadable
console.warn: SearchSettings: "get: No settings file exists, new profile?" (new NotFoundError("Could not open the file at /var/folders/n4/v2qy6l2d7kl0xhrs561r9b0h0000gn/T/rust_mozprofileSvpsKe/search.json.mozlz4", (void 0)))
DevTools listening on ws://127.0.0.1:52465/devtools/browser/8b5f93bc-111b-4fa1-8888-d63a6d4d1559
1666081354107	Marionette	INFO	Stopped listening on port 52390
1666081367355	geckodriver	INFO	Listening on 127.0.0.1:52519
1666081367360	mozrunner::runner	INFO	Running command: "/Applications/Firefox.app/Contents/MacOS/firefox-bin" "--marionette" "--remote-debugging-port" "52520" "--remote-allow-hosts" "localhost" "-foreground" "-no-remote" "-profile" "/var/folders/n4/v2qy6l2d7kl0xhrs561r9b0h0000gn/T/rust_mozprofileCZuO5D"
2022-10-18 10:22:47.638 plugin-container[73766:1559173] nil host used in call to allowsSpecificHTTPSCertificateForHost
2022-10-18 10:22:47.639 plugin-container[73766:1559173] nil host used in call to allowsAnyHTTPSCertificateForHost:
2022-10-18 10:22:47.641 plugin-container[73766:1559173] nil host used in call to allowsSpecificHTTPSCertificateForHost
2022-10-18 10:22:47.641 plugin-container[73766:1559173] nil host used in call to allowsAnyHTTPSCertificateForHost:
2022-10-18 10:22:47.641 plugin-container[73766:1559180] nil host used in call to allowsSpecificHTTPSCertificateForHost
2022-10-18 10:22:47.641 plugin-container[73766:1559180] nil host used in call to allowsAnyHTTPSCertificateForHost:
1666081367647	Marionette	INFO	Marionette enabled
1666081367673	Marionette	INFO	Listening on port 52524
Read port: 52524
WebDriver BiDi listening on ws://127.0.0.1:52520
1666081367800	RemoteAgent	WARN	TLS certificate errors will be ignored for this session
UNSUPPORTED (log once): POSSIBLE ISSUE: unit 1 GLD_TEXTURE_INDEX_2D is unloadable and bound to sampler type (Float) - using zero texture because texture unloadable
console.warn: SearchSettings: "get: No settings file exists, new profile?" (new NotFoundError("Could not open the file at /var/folders/n4/v2qy6l2d7kl0xhrs561r9b0h0000gn/T/rust_mozprofileCZuO5D/search.json.mozlz4", (void 0)))
DevTools listening on ws://127.0.0.1:52520/devtools/browser/ffaaf479-9ea2-4689-b9fa-7c726fb894bb
Exiting due to channel error.
Exiting due to channel error.
Exiting due to channel error.
1666081431977	geckodriver	INFO	Listening on 127.0.0.1:52711
1666081431981	mozrunner::runner	INFO	Running command: "/Applications/Firefox.app/Contents/MacOS/firefox-bin" "--marionette" "--remote-debugging-port" "52712" "--remote-allow-hosts" "localhost" "-foreground" "-no-remote" "-profile" "/var/folders/n4/v2qy6l2d7kl0xhrs561r9b0h0000gn/T/rust_mozprofileuMOnsz"
2022-10-18 10:23:52.296 plugin-container[73943:1560677] nil host used in call to allowsSpecificHTTPSCertificateForHost
2022-10-18 10:23:52.296 plugin-container[73943:1560677] nil host used in call to allowsAnyHTTPSCertificateForHost:
2022-10-18 10:23:52.298 plugin-container[73943:1560677] nil host used in call to allowsSpecificHTTPSCertificateForHost
2022-10-18 10:23:52.298 plugin-container[73943:1560677] nil host used in call to allowsAnyHTTPSCertificateForHost:
2022-10-18 10:23:52.299 plugin-container[73943:1560683] nil host used in call to allowsSpecificHTTPSCertificateForHost
2022-10-18 10:23:52.299 plugin-container[73943:1560683] nil host used in call to allowsAnyHTTPSCertificateForHost:
1666081432305	Marionette	INFO	Marionette enabled
1666081432329	Marionette	INFO	Listening on port 52715
Read port: 52715
WebDriver BiDi listening on ws://127.0.0.1:52712
1666081432529	RemoteAgent	WARN	TLS certificate errors will be ignored for this session
UNSUPPORTED (log once): POSSIBLE ISSUE: unit 1 GLD_TEXTURE_INDEX_2D is unloadable and bound to sampler type (Float) - using zero texture because texture unloadable
console.warn: SearchSettings: "get: No settings file exists, new profile?" (new NotFoundError("Could not open the file at /var/folders/n4/v2qy6l2d7kl0xhrs561r9b0h0000gn/T/rust_mozprofileuMOnsz/search.json.mozlz4", (void 0)))
DevTools listening on ws://127.0.0.1:52712/devtools/browser/eec352af-24dc-4da1-b71e-2577bb737ea6
console.warn: LoginRecipes: "Falling back to a synchronous message for: https://login.tum.de."
Exiting due to channel error.
Exiting due to channel error.
Exiting due to channel error.
1666081468358	geckodriver	INFO	Listening on 127.0.0.1:52887
1666081468364	mozrunner::runner	INFO	Running command: "/Applications/Firefox.app/Contents/MacOS/firefox-bin" "--marionette" "--remote-debugging-port" "52888" "--remote-allow-hosts" "localhost" "-foreground" "-no-remote" "-profile" "/var/folders/n4/v2qy6l2d7kl0xhrs561r9b0h0000gn/T/rust_mozprofileWdgp9A"
1666081468711	Marionette	INFO	Marionette enabled
2022-10-18 10:24:28.727 plugin-container[74044:1561722] nil host used in call to allowsSpecificHTTPSCertificateForHost
2022-10-18 10:24:28.728 plugin-container[74044:1561722] nil host used in call to allowsAnyHTTPSCertificateForHost:
1666081468735	Marionette	INFO	Listening on port 52891
2022-10-18 10:24:28.735 plugin-container[74044:1561722] nil host used in call to allowsSpecificHTTPSCertificateForHost
2022-10-18 10:24:28.735 plugin-container[74044:1561722] nil host used in call to allowsAnyHTTPSCertificateForHost:
2022-10-18 10:24:28.735 plugin-container[74044:1561719] nil host used in call to allowsSpecificHTTPSCertificateForHost
2022-10-18 10:24:28.735 plugin-container[74044:1561719] nil host used in call to allowsAnyHTTPSCertificateForHost:
Read port: 52891
WebDriver BiDi listening on ws://127.0.0.1:52888
1666081468866	RemoteAgent	WARN	TLS certificate errors will be ignored for this session
UNSUPPORTED (log once): POSSIBLE ISSUE: unit 1 GLD_TEXTURE_INDEX_2D is unloadable and bound to sampler type (Float) - using zero texture because texture unloadable
console.warn: SearchSettings: "get: No settings file exists, new profile?" (new NotFoundError("Could not open the file at /var/folders/n4/v2qy6l2d7kl0xhrs561r9b0h0000gn/T/rust_mozprofileWdgp9A/search.json.mozlz4", (void 0)))
DevTools listening on ws://127.0.0.1:52888/devtools/browser/fcb575b1-003a-4c37-accb-98d3f078f93e
1666081485468	geckodriver	INFO	Listening on 127.0.0.1:52938
1666081485472	mozrunner::runner	INFO	Running command: "/Applications/Firefox.app/Contents/MacOS/firefox-bin" "--marionette" "--remote-debugging-port" "52939" "--remote-allow-hosts" "localhost" "-foreground" "-no-remote" "-profile" "/var/folders/n4/v2qy6l2d7kl0xhrs561r9b0h0000gn/T/rust_mozprofile7971bD"
2022-10-18 10:24:45.753 plugin-container[74090:1562339] nil host used in call to allowsSpecificHTTPSCertificateForHost
2022-10-18 10:24:45.753 plugin-container[74090:1562339] nil host used in call to allowsAnyHTTPSCertificateForHost:
2022-10-18 10:24:45.756 plugin-container[74090:1562339] nil host used in call to allowsSpecificHTTPSCertificateForHost
2022-10-18 10:24:45.756 plugin-container[74090:1562339] nil host used in call to allowsAnyHTTPSCertificateForHost:
2022-10-18 10:24:45.756 plugin-container[74090:1562337] nil host used in call to allowsSpecificHTTPSCertificateForHost
2022-10-18 10:24:45.756 plugin-container[74090:1562337] nil host used in call to allowsAnyHTTPSCertificateForHost:
1666081485763	Marionette	INFO	Marionette enabled
1666081485788	Marionette	INFO	Listening on port 52942
Read port: 52942
WebDriver BiDi listening on ws://127.0.0.1:52939
1666081485912	RemoteAgent	WARN	TLS certificate errors will be ignored for this session
UNSUPPORTED (log once): POSSIBLE ISSUE: unit 1 GLD_TEXTURE_INDEX_2D is unloadable and bound to sampler type (Float) - using zero texture because texture unloadable
console.warn: SearchSettings: "get: No settings file exists, new profile?" (new NotFoundError("Could not open the file at /var/folders/n4/v2qy6l2d7kl0xhrs561r9b0h0000gn/T/rust_mozprofile7971bD/search.json.mozlz4", (void 0)))
DevTools listening on ws://127.0.0.1:52939/devtools/browser/6aa77c8a-2525-441e-8f5d-86c27f6ac191
console.warn: LoginRecipes: "Falling back to a synchronous message for: https://login.tum.de."
console.warn: LoginRecipes: "Falling back to a synchronous message for: https://login.tum.de."
1666081501134	Marionette	INFO	Stopped listening on port 52942
1666081585925	Marionette	INFO	Stopped listening on port 52891
1666081587397	geckodriver	INFO	Listening on 127.0.0.1:53070
1666081587403	mozrunner::runner	INFO	Running command: "/Applications/Firefox.app/Contents/MacOS/firefox-bin" "--marionette" "--remote-debugging-port" "53071" "--remote-allow-hosts" "localhost" "-foreground" "-no-remote" "-profile" "/var/folders/n4/v2qy6l2d7kl0xhrs561r9b0h0000gn/T/rust_mozprofilePnblWq"
2022-10-18 10:26:27.705 plugin-container[74377:1564591] nil host used in call to allowsSpecificHTTPSCertificateForHost
2022-10-18 10:26:27.705 plugin-container[74377:1564591] nil host used in call to allowsAnyHTTPSCertificateForHost:
1666081587712	Marionette	INFO	Marionette enabled
2022-10-18 10:26:27.728 plugin-container[74377:1564591] nil host used in call to allowsSpecificHTTPSCertificateForHost
2022-10-18 10:26:27.729 plugin-container[74377:1564591] nil host used in call to allowsAnyHTTPSCertificateForHost:
2022-10-18 10:26:27.729 plugin-container[74377:1564620] nil host used in call to allowsSpecificHTTPSCertificateForHost
2022-10-18 10:26:27.729 plugin-container[74377:1564620] nil host used in call to allowsAnyHTTPSCertificateForHost:
1666081587736	Marionette	INFO	Listening on port 53074
Read port: 53074
WebDriver BiDi listening on ws://127.0.0.1:53071
1666081587938	RemoteAgent	WARN	TLS certificate errors will be ignored for this session
UNSUPPORTED (log once): POSSIBLE ISSUE: unit 1 GLD_TEXTURE_INDEX_2D is unloadable and bound to sampler type (Float) - using zero texture because texture unloadable
console.warn: SearchSettings: "get: No settings file exists, new profile?" (new NotFoundError("Could not open the file at /var/folders/n4/v2qy6l2d7kl0xhrs561r9b0h0000gn/T/rust_mozprofilePnblWq/search.json.mozlz4", (void 0)))
DevTools listening on ws://127.0.0.1:53071/devtools/browser/215f44d6-6c0c-40c8-99ae-199628f497e4
1666081591581	Marionette	INFO	Stopped listening on port 52468
console.warn: LoginRecipes: "Falling back to a synchronous message for: https://login.tum.de."
console.warn: LoginRecipes: "Falling back to a synchronous message for: https://login.tum.de."
1666082891336	geckodriver	INFO	Listening on 127.0.0.1:53757
1666082891845	mozrunner::runner	INFO	Running command: "/Applications/Firefox.app/Contents/MacOS/firefox-bin" "--marionette" "--remote-debugging-port" "53758" "--remote-allow-hosts" "localhost" "-foreground" "-no-remote" "-profile" "/var/folders/n4/v2qy6l2d7kl0xhrs561r9b0h0000gn/T/rust_mozprofile3WpjGm"
2022-10-18 10:48:12.178 plugin-container[77245:1586189] nil host used in call to allowsSpecificHTTPSCertificateForHost
2022-10-18 10:48:12.179 plugin-container[77245:1586189] nil host used in call to allowsAnyHTTPSCertificateForHost:
1666082892189	Marionette	INFO	Marionette enabled
2022-10-18 10:48:12.208 plugin-container[77245:1586189] nil host used in call to allowsSpecificHTTPSCertificateForHost
2022-10-18 10:48:12.208 plugin-container[77245:1586189] nil host used in call to allowsAnyHTTPSCertificateForHost:
2022-10-18 10:48:12.208 plugin-container[77245:1586197] nil host used in call to allowsSpecificHTTPSCertificateForHost
2022-10-18 10:48:12.208 plugin-container[77245:1586197] nil host used in call to allowsAnyHTTPSCertificateForHost:
1666082892212	Marionette	INFO	Listening on port 53764
Read port: 53764
WebDriver BiDi listening on ws://127.0.0.1:53758
1666082892345	RemoteAgent	WARN	TLS certificate errors will be ignored for this session
UNSUPPORTED (log once): POSSIBLE ISSUE: unit 1 GLD_TEXTURE_INDEX_2D is unloadable and bound to sampler type (Float) - using zero texture because texture unloadable
console.warn: SearchSettings: "get: No settings file exists, new profile?" (new NotFoundError("Could not open the file at /var/folders/n4/v2qy6l2d7kl0xhrs561r9b0h0000gn/T/rust_mozprofile3WpjGm/search.json.mozlz4", (void 0)))
DevTools listening on ws://127.0.0.1:53758/devtools/browser/0fc75f16-5761-460d-842f-2c9bee10b0dc
console.warn: LoginRecipes: "Falling back to a synchronous message for: https://login.tum.de."
console.warn: LoginRecipes: "Falling back to a synchronous message for: https://login.tum.de."
1666082958898	geckodriver	INFO	Listening on 127.0.0.1:53847
1666082958904	mozrunner::runner	INFO	Running command: "/Applications/Firefox.app/Contents/MacOS/firefox-bin" "--marionette" "--remote-debugging-port" "53848" "--remote-allow-hosts" "localhost" "-foreground" "-no-remote" "-profile" "/var/folders/n4/v2qy6l2d7kl0xhrs561r9b0h0000gn/T/rust_mozprofileXjqT7h"
2022-10-18 10:49:19.197 plugin-container[77436:1587779] nil host used in call to allowsSpecificHTTPSCertificateForHost
2022-10-18 10:49:19.197 plugin-container[77436:1587779] nil host used in call to allowsAnyHTTPSCertificateForHost:
2022-10-18 10:49:19.200 plugin-container[77436:1587779] nil host used in call to allowsSpecificHTTPSCertificateForHost
2022-10-18 10:49:19.200 plugin-container[77436:1587779] nil host used in call to allowsAnyHTTPSCertificateForHost:
2022-10-18 10:49:19.201 plugin-container[77436:1587805] nil host used in call to allowsSpecificHTTPSCertificateForHost
2022-10-18 10:49:19.201 plugin-container[77436:1587805] nil host used in call to allowsAnyHTTPSCertificateForHost:
1666082959210	Marionette	INFO	Marionette enabled
1666082959237	Marionette	INFO	Listening on port 53852
Read port: 53852
WebDriver BiDi listening on ws://127.0.0.1:53848
1666082959368	RemoteAgent	WARN	TLS certificate errors will be ignored for this session
UNSUPPORTED (log once): POSSIBLE ISSUE: unit 1 GLD_TEXTURE_INDEX_2D is unloadable and bound to sampler type (Float) - using zero texture because texture unloadable
console.warn: SearchSettings: "get: No settings file exists, new profile?" (new NotFoundError("Could not open the file at /var/folders/n4/v2qy6l2d7kl0xhrs561r9b0h0000gn/T/rust_mozprofileXjqT7h/search.json.mozlz4", (void 0)))
DevTools listening on ws://127.0.0.1:53848/devtools/browser/0ebc3c4a-840d-446d-92d8-109618f2552c
1666082961588	Marionette	INFO	Stopped listening on port 53074
JavaScript error: , line 0: NotFoundError: No such JSWindowActor 'DevToolsFrame'
1666082962737	Marionette	INFO	Stopped listening on port 53764
console.warn: LoginRecipes: "Falling back to a synchronous message for: https://login.tum.de."
console.warn: LoginRecipes: "Falling back to a synchronous message for: https://login.tum.de."
1666082982978	Marionette	INFO	Stopped listening on port 53852
1666083006585	geckodriver	INFO	Listening on 127.0.0.1:53989
1666083006590	mozrunner::runner	INFO	Running command: "/Applications/Firefox.app/Contents/MacOS/firefox-bin" "--marionette" "--remote-debugging-port" "53990" "--remote-allow-hosts" "localhost" "-foreground" "-no-remote" "-profile" "/var/folders/n4/v2qy6l2d7kl0xhrs561r9b0h0000gn/T/rust_mozprofileImsNuM"
2022-10-18 10:50:06.916 plugin-container[77565:1589106] nil host used in call to allowsSpecificHTTPSCertificateForHost
2022-10-18 10:50:06.916 plugin-container[77565:1589106] nil host used in call to allowsAnyHTTPSCertificateForHost:
2022-10-18 10:50:06.918 plugin-container[77565:1589106] nil host used in call to allowsSpecificHTTPSCertificateForHost
2022-10-18 10:50:06.918 plugin-container[77565:1589106] nil host used in call to allowsAnyHTTPSCertificateForHost:
2022-10-18 10:50:06.918 plugin-container[77565:1589109] nil host used in call to allowsSpecificHTTPSCertificateForHost
2022-10-18 10:50:06.918 plugin-container[77565:1589109] nil host used in call to allowsAnyHTTPSCertificateForHost:
1666083006922	Marionette	INFO	Marionette enabled
1666083006944	Marionette	INFO	Listening on port 53993
Read port: 53993
WebDriver BiDi listening on ws://127.0.0.1:53990
1666083007147	RemoteAgent	WARN	TLS certificate errors will be ignored for this session
UNSUPPORTED (log once): POSSIBLE ISSUE: unit 1 GLD_TEXTURE_INDEX_2D is unloadable and bound to sampler type (Float) - using zero texture because texture unloadable
console.warn: SearchSettings: "get: No settings file exists, new profile?" (new NotFoundError("Could not open the file at /var/folders/n4/v2qy6l2d7kl0xhrs561r9b0h0000gn/T/rust_mozprofileImsNuM/search.json.mozlz4", (void 0)))
DevTools listening on ws://127.0.0.1:53990/devtools/browser/7b55380d-df0c-4915-a996-5a644eb97a1e
console.warn: LoginRecipes: "Falling back to a synchronous message for: https://login.tum.de."
console.warn: LoginRecipes: "Falling back to a synchronous message for: https://login.tum.de."
1666083029440	geckodriver	INFO	Listening on 127.0.0.1:54073
1666083029445	mozrunner::runner	INFO	Running command: "/Applications/Firefox.app/Contents/MacOS/firefox-bin" "--marionette" "--remote-debugging-port" "54074" "--remote-allow-hosts" "localhost" "-foreground" "-no-remote" "-profile" "/var/folders/n4/v2qy6l2d7kl0xhrs561r9b0h0000gn/T/rust_mozprofileu4U60c"
2022-10-18 10:50:29.736 plugin-container[77632:1589821] nil host used in call to allowsSpecificHTTPSCertificateForHost
2022-10-18 10:50:29.736 plugin-container[77632:1589821] nil host used in call to allowsAnyHTTPSCertificateForHost:
2022-10-18 10:50:29.738 plugin-container[77632:1589821] nil host used in call to allowsSpecificHTTPSCertificateForHost
2022-10-18 10:50:29.738 plugin-container[77632:1589821] nil host used in call to allowsAnyHTTPSCertificateForHost:
2022-10-18 10:50:29.738 plugin-container[77632:1589823] nil host used in call to allowsSpecificHTTPSCertificateForHost
2022-10-18 10:50:29.738 plugin-container[77632:1589823] nil host used in call to allowsAnyHTTPSCertificateForHost:
1666083029744	Marionette	INFO	Marionette enabled
1666083029769	Marionette	INFO	Listening on port 54077
Read port: 54077
WebDriver BiDi listening on ws://127.0.0.1:54074
1666083029900	RemoteAgent	WARN	TLS certificate errors will be ignored for this session
UNSUPPORTED (log once): POSSIBLE ISSUE: unit 1 GLD_TEXTURE_INDEX_2D is unloadable and bound to sampler type (Float) - using zero texture because texture unloadable
console.warn: SearchSettings: "get: No settings file exists, new profile?" (new NotFoundError("Could not open the file at /var/folders/n4/v2qy6l2d7kl0xhrs561r9b0h0000gn/T/rust_mozprofileu4U60c/search.json.mozlz4", (void 0)))
DevTools listening on ws://127.0.0.1:54074/devtools/browser/4651f9a0-9c1c-46c0-b0be-22611dfe19ad
Exiting due to channel error.
Exiting due to channel error.
[GFX1-]: Receive IPC close with reason=AbnormalShutdown
Exiting due to channel error.
1666083034674	geckodriver	INFO	Listening on 127.0.0.1:54100
1666083034678	mozrunner::runner	INFO	Running command: "/Applications/Firefox.app/Contents/MacOS/firefox-bin" "--marionette" "--remote-debugging-port" "54101" "--remote-allow-hosts" "localhost" "-foreground" "-no-remote" "-profile" "/var/folders/n4/v2qy6l2d7kl0xhrs561r9b0h0000gn/T/rust_mozprofileeOR3xM"
2022-10-18 10:50:34.917 plugin-container[77661:1590174] nil host used in call to allowsSpecificHTTPSCertificateForHost
2022-10-18 10:50:34.917 plugin-container[77661:1590174] nil host used in call to allowsAnyHTTPSCertificateForHost:
2022-10-18 10:50:34.919 plugin-container[77661:1590174] nil host used in call to allowsSpecificHTTPSCertificateForHost
2022-10-18 10:50:34.919 plugin-container[77661:1590174] nil host used in call to allowsAnyHTTPSCertificateForHost:
2022-10-18 10:50:34.919 plugin-container[77661:1590179] nil host used in call to allowsSpecificHTTPSCertificateForHost
2022-10-18 10:50:34.919 plugin-container[77661:1590179] nil host used in call to allowsAnyHTTPSCertificateForHost:
1666083034931	Marionette	INFO	Marionette enabled
1666083034960	Marionette	INFO	Listening on port 54104
Read port: 54104
WebDriver BiDi listening on ws://127.0.0.1:54101
1666083035197	RemoteAgent	WARN	TLS certificate errors will be ignored for this session
UNSUPPORTED (log once): POSSIBLE ISSUE: unit 1 GLD_TEXTURE_INDEX_2D is unloadable and bound to sampler type (Float) - using zero texture because texture unloadable
console.warn: SearchSettings: "get: No settings file exists, new profile?" (new NotFoundError("Could not open the file at /var/folders/n4/v2qy6l2d7kl0xhrs561r9b0h0000gn/T/rust_mozprofileeOR3xM/search.json.mozlz4", (void 0)))
DevTools listening on ws://127.0.0.1:54101/devtools/browser/2cb0e34c-8245-4462-9a18-22bb54745071
console.warn: LoginRecipes: "Falling back to a synchronous message for: https://login.tum.de."
console.warn: LoginRecipes: "Falling back to a synchronous message for: https://login.tum.de."
1666083039930	Marionette	INFO	Stopped listening on port 53993
1666083071910	geckodriver	INFO	Listening on 127.0.0.1:54194
1666083071914	mozrunner::runner	INFO	Running command: "/Applications/Firefox.app/Contents/MacOS/firefox-bin" "--marionette" "--remote-debugging-port" "54195" "--remote-allow-hosts" "localhost" "-foreground" "-no-remote" "-profile" "/var/folders/n4/v2qy6l2d7kl0xhrs561r9b0h0000gn/T/rust_mozprofileLqoiLQ"
2022-10-18 10:51:12.198 plugin-container[77779:1591360] nil host used in call to allowsSpecificHTTPSCertificateForHost
2022-10-18 10:51:12.198 plugin-container[77779:1591360] nil host used in call to allowsAnyHTTPSCertificateForHost:
2022-10-18 10:51:12.200 plugin-container[77779:1591360] nil host used in call to allowsSpecificHTTPSCertificateForHost
2022-10-18 10:51:12.200 plugin-container[77779:1591360] nil host used in call to allowsAnyHTTPSCertificateForHost:
2022-10-18 10:51:12.201 plugin-container[77779:1591384] nil host used in call to allowsSpecificHTTPSCertificateForHost
2022-10-18 10:51:12.201 plugin-container[77779:1591384] nil host used in call to allowsAnyHTTPSCertificateForHost:
1666083072210	Marionette	INFO	Marionette enabled
1666083072235	Marionette	INFO	Listening on port 54198
Read port: 54198
WebDriver BiDi listening on ws://127.0.0.1:54195
1666083072367	RemoteAgent	WARN	TLS certificate errors will be ignored for this session
UNSUPPORTED (log once): POSSIBLE ISSUE: unit 1 GLD_TEXTURE_INDEX_2D is unloadable and bound to sampler type (Float) - using zero texture because texture unloadable
console.warn: SearchSettings: "get: No settings file exists, new profile?" (new NotFoundError("Could not open the file at /var/folders/n4/v2qy6l2d7kl0xhrs561r9b0h0000gn/T/rust_mozprofileLqoiLQ/search.json.mozlz4", (void 0)))
DevTools listening on ws://127.0.0.1:54195/devtools/browser/bedc84ca-dbfc-4497-baed-a5a224db864f
console.warn: LoginRecipes: "Falling back to a synchronous message for: https://login.tum.de."
console.warn: LoginRecipes: "Falling back to a synchronous message for: https://login.tum.de."
1666083214402	geckodriver	INFO	Listening on 127.0.0.1:54374
1666083214915	mozrunner::runner	INFO	Running command: "/Applications/Firefox.app/Contents/MacOS/firefox-bin" "--marionette" "--remote-debugging-port" "54375" "--remote-allow-hosts" "localhost" "-foreground" "-no-remote" "-profile" "/var/folders/n4/v2qy6l2d7kl0xhrs561r9b0h0000gn/T/rust_mozprofiletO66Y9"
2022-10-18 10:53:35.265 plugin-container[78115:1593831] nil host used in call to allowsSpecificHTTPSCertificateForHost
2022-10-18 10:53:35.266 plugin-container[78115:1593831] nil host used in call to allowsAnyHTTPSCertificateForHost:
2022-10-18 10:53:35.268 plugin-container[78115:1593831] nil host used in call to allowsSpecificHTTPSCertificateForHost
2022-10-18 10:53:35.268 plugin-container[78115:1593831] nil host used in call to allowsAnyHTTPSCertificateForHost:
2022-10-18 10:53:35.268 plugin-container[78115:1593857] nil host used in call to allowsSpecificHTTPSCertificateForHost
2022-10-18 10:53:35.268 plugin-container[78115:1593857] nil host used in call to allowsAnyHTTPSCertificateForHost:
1666083215272	Marionette	INFO	Marionette enabled
1666083215298	Marionette	INFO	Listening on port 54380
Read port: 54380
WebDriver BiDi listening on ws://127.0.0.1:54375
1666083215492	RemoteAgent	WARN	TLS certificate errors will be ignored for this session
UNSUPPORTED (log once): POSSIBLE ISSUE: unit 1 GLD_TEXTURE_INDEX_2D is unloadable and bound to sampler type (Float) - using zero texture because texture unloadable
console.warn: SearchSettings: "get: No settings file exists, new profile?" (new NotFoundError("Could not open the file at /var/folders/n4/v2qy6l2d7kl0xhrs561r9b0h0000gn/T/rust_mozprofiletO66Y9/search.json.mozlz4", (void 0)))
DevTools listening on ws://127.0.0.1:54375/devtools/browser/6141cdd4-e9b6-4f26-a61b-34a6ae35dbb4
console.warn: LoginRecipes: "Falling back to a synchronous message for: https://login.tum.de."
console.warn: LoginRecipes: "Falling back to a synchronous message for: https://login.tum.de."
Exiting due to channel error.
[GFX1-]: Receive IPC close with reason=AbnormalShutdown
Exiting due to channel error.
Exiting due to channel error.
1666083250914	geckodriver	INFO	Listening on 127.0.0.1:54581
1666083250919	mozrunner::runner	INFO	Running command: "/Applications/Firefox.app/Contents/MacOS/firefox-bin" "--marionette" "--remote-debugging-port" "54582" "--remote-allow-hosts" "localhost" "-foreground" "-no-remote" "-profile" "/var/folders/n4/v2qy6l2d7kl0xhrs561r9b0h0000gn/T/rust_mozprofileukRa7K"
2022-10-18 10:54:11.233 plugin-container[78246:1594895] nil host used in call to allowsSpecificHTTPSCertificateForHost
2022-10-18 10:54:11.234 plugin-container[78246:1594895] nil host used in call to allowsAnyHTTPSCertificateForHost:
2022-10-18 10:54:11.236 plugin-container[78246:1594895] nil host used in call to allowsSpecificHTTPSCertificateForHost
2022-10-18 10:54:11.236 plugin-container[78246:1594895] nil host used in call to allowsAnyHTTPSCertificateForHost:
2022-10-18 10:54:11.236 plugin-container[78246:1594919] nil host used in call to allowsSpecificHTTPSCertificateForHost
2022-10-18 10:54:11.236 plugin-container[78246:1594919] nil host used in call to allowsAnyHTTPSCertificateForHost:
1666083251243	Marionette	INFO	Marionette enabled
1666083251265	Marionette	INFO	Listening on port 54585
Read port: 54585
WebDriver BiDi listening on ws://127.0.0.1:54582
1666083251537	RemoteAgent	WARN	TLS certificate errors will be ignored for this session
UNSUPPORTED (log once): POSSIBLE ISSUE: unit 1 GLD_TEXTURE_INDEX_2D is unloadable and bound to sampler type (Float) - using zero texture because texture unloadable
console.warn: SearchSettings: "get: No settings file exists, new profile?" (new NotFoundError("Could not open the file at /var/folders/n4/v2qy6l2d7kl0xhrs561r9b0h0000gn/T/rust_mozprofileukRa7K/search.json.mozlz4", (void 0)))
DevTools listening on ws://127.0.0.1:54582/devtools/browser/41ae9657-7ec5-4b2c-aeba-2623cc76dcad
1666083252861	Marionette	INFO	Stopped listening on port 54104
1666083253826	Marionette	INFO	Stopped listening on port 54198
console.warn: LoginRecipes: "Falling back to a synchronous message for: https://login.tum.de."
console.warn: LoginRecipes: "Falling back to a synchronous message for: https://login.tum.de."
1666083268381	geckodriver	INFO	Listening on 127.0.0.1:54658
1666083268386	mozrunner::runner	INFO	Running command: "/Applications/Firefox.app/Contents/MacOS/firefox-bin" "--marionette" "--remote-debugging-port" "54659" "--remote-allow-hosts" "localhost" "-foreground" "-no-remote" "-profile" "/var/folders/n4/v2qy6l2d7kl0xhrs561r9b0h0000gn/T/rust_mozprofileeHAoyX"
2022-10-18 10:54:28.680 plugin-container[78295:1595477] nil host used in call to allowsSpecificHTTPSCertificateForHost
2022-10-18 10:54:28.680 plugin-container[78295:1595477] nil host used in call to allowsAnyHTTPSCertificateForHost:
2022-10-18 10:54:28.682 plugin-container[78295:1595477] nil host used in call to allowsSpecificHTTPSCertificateForHost
2022-10-18 10:54:28.682 plugin-container[78295:1595477] nil host used in call to allowsAnyHTTPSCertificateForHost:
2022-10-18 10:54:28.682 plugin-container[78295:1595483] nil host used in call to allowsSpecificHTTPSCertificateForHost
2022-10-18 10:54:28.682 plugin-container[78295:1595483] nil host used in call to allowsAnyHTTPSCertificateForHost:
1666083268691	Marionette	INFO	Marionette enabled
1666083268718	Marionette	INFO	Listening on port 54662
Read port: 54662
WebDriver BiDi listening on ws://127.0.0.1:54659
1666083268846	RemoteAgent	WARN	TLS certificate errors will be ignored for this session
UNSUPPORTED (log once): POSSIBLE ISSUE: unit 1 GLD_TEXTURE_INDEX_2D is unloadable and bound to sampler type (Float) - using zero texture because texture unloadable
1666083269278	Marionette	INFO	Stopped listening on port 54585
console.warn: SearchSettings: "get: No settings file exists, new profile?" (new NotFoundError("Could not open the file at /var/folders/n4/v2qy6l2d7kl0xhrs561r9b0h0000gn/T/rust_mozprofileeHAoyX/search.json.mozlz4", (void 0)))
DevTools listening on ws://127.0.0.1:54659/devtools/browser/3eb4bc5c-32d6-4c91-b40b-0e5355c90f27
console.warn: LoginRecipes: "Falling back to a synchronous message for: https://login.tum.de."
console.warn: LoginRecipes: "Falling back to a synchronous message for: https://login.tum.de."
Exiting due to channel error.
Exiting due to channel error.
[GFX1-]: Receive IPC close with reason=AbnormalShutdown
Exiting due to channel error.
1666083368202	geckodriver	INFO	Listening on 127.0.0.1:54895
1666083368207	mozrunner::runner	INFO	Running command: "/Applications/Firefox.app/Contents/MacOS/firefox-bin" "--marionette" "--remote-debugging-port" "54896" "--remote-allow-hosts" "localhost" "-foreground" "-no-remote" "-profile" "/var/folders/n4/v2qy6l2d7kl0xhrs561r9b0h0000gn/T/rust_mozprofileHGOlJb"
2022-10-18 10:56:08.541 plugin-container[78558:1597545] nil host used in call to allowsSpecificHTTPSCertificateForHost
2022-10-18 10:56:08.541 plugin-container[78558:1597545] nil host used in call to allowsAnyHTTPSCertificateForHost:
2022-10-18 10:56:08.543 plugin-container[78558:1597545] nil host used in call to allowsSpecificHTTPSCertificateForHost
2022-10-18 10:56:08.543 plugin-container[78558:1597545] nil host used in call to allowsAnyHTTPSCertificateForHost:
2022-10-18 10:56:08.543 plugin-container[78558:1597568] nil host used in call to allowsSpecificHTTPSCertificateForHost
2022-10-18 10:56:08.543 plugin-container[78558:1597568] nil host used in call to allowsAnyHTTPSCertificateForHost:
1666083368549	Marionette	INFO	Marionette enabled
1666083368572	Marionette	INFO	Listening on port 54899
Read port: 54899
WebDriver BiDi listening on ws://127.0.0.1:54896
1666083368776	RemoteAgent	WARN	TLS certificate errors will be ignored for this session
UNSUPPORTED (log once): POSSIBLE ISSUE: unit 1 GLD_TEXTURE_INDEX_2D is unloadable and bound to sampler type (Float) - using zero texture because texture unloadable
console.warn: SearchSettings: "get: No settings file exists, new profile?" (new NotFoundError("Could not open the file at /var/folders/n4/v2qy6l2d7kl0xhrs561r9b0h0000gn/T/rust_mozprofileHGOlJb/search.json.mozlz4", (void 0)))
DevTools listening on ws://127.0.0.1:54896/devtools/browser/df241fa1-bc8e-4956-bd12-a98ad2b414cc
console.warn: LoginRecipes: "Falling back to a synchronous message for: https://login.tum.de."
console.warn: LoginRecipes: "Falling back to a synchronous message for: https://login.tum.de."
Exiting due to channel error.
Exiting due to channel error.
Exiting due to channel error.
1666083386938	geckodriver	INFO	Listening on 127.0.0.1:55007
1666083386943	mozrunner::runner	INFO	Running command: "/Applications/Firefox.app/Contents/MacOS/firefox-bin" "--marionette" "--remote-debugging-port" "55008" "--remote-allow-hosts" "localhost" "-foreground" "-no-remote" "-profile" "/var/folders/n4/v2qy6l2d7kl0xhrs561r9b0h0000gn/T/rust_mozprofileU6EG5N"
2022-10-18 10:56:27.235 plugin-container[78614:1598232] nil host used in call to allowsSpecificHTTPSCertificateForHost
2022-10-18 10:56:27.235 plugin-container[78614:1598232] nil host used in call to allowsAnyHTTPSCertificateForHost:
2022-10-18 10:56:27.238 plugin-container[78614:1598232] nil host used in call to allowsSpecificHTTPSCertificateForHost
2022-10-18 10:56:27.238 plugin-container[78614:1598232] nil host used in call to allowsAnyHTTPSCertificateForHost:
2022-10-18 10:56:27.238 plugin-container[78614:1598237] nil host used in call to allowsSpecificHTTPSCertificateForHost
2022-10-18 10:56:27.238 plugin-container[78614:1598237] nil host used in call to allowsAnyHTTPSCertificateForHost:
1666083387251	Marionette	INFO	Marionette enabled
1666083387273	Marionette	INFO	Listening on port 55011
Read port: 55011
WebDriver BiDi listening on ws://127.0.0.1:55008
1666083387411	RemoteAgent	WARN	TLS certificate errors will be ignored for this session
UNSUPPORTED (log once): POSSIBLE ISSUE: unit 1 GLD_TEXTURE_INDEX_2D is unloadable and bound to sampler type (Float) - using zero texture because texture unloadable
console.warn: SearchSettings: "get: No settings file exists, new profile?" (new NotFoundError("Could not open the file at /var/folders/n4/v2qy6l2d7kl0xhrs561r9b0h0000gn/T/rust_mozprofileU6EG5N/search.json.mozlz4", (void 0)))
DevTools listening on ws://127.0.0.1:55008/devtools/browser/a50d6c61-af43-42df-b552-25cfc13fce7c
console.warn: LoginRecipes: "Falling back to a synchronous message for: https://login.tum.de."
console.warn: LoginRecipes: "Falling back to a synchronous message for: https://login.tum.de."
2022-10-18 08:57:49.059 plugin-container[78832:1599789] nil host used in call to allowsSpecificHTTPSCertificateForHost
2022-10-18 08:57:49.059 plugin-container[78832:1599789] nil host used in call to allowsAnyHTTPSCertificateForHost:
2022-10-18 08:57:49.062 plugin-container[78832:1599789] nil host used in call to allowsSpecificHTTPSCertificateForHost
2022-10-18 08:57:49.062 plugin-container[78832:1599789] nil host used in call to allowsAnyHTTPSCertificateForHost:
2022-10-18 08:57:49.062 plugin-container[78832:1599805] nil host used in call to allowsSpecificHTTPSCertificateForHost
2022-10-18 08:57:49.062 plugin-container[78832:1599805] nil host used in call to allowsAnyHTTPSCertificateForHost:
console.warn: LoginRecipes: "Falling back to a synchronous message for: https://login.tum.de."
1666083668483	Marionette	INFO	Stopped listening on port 55011
JavaScript error: , line 0: NotFoundError: No such JSWindowActor 'DevToolsFrame'
1666083674795	geckodriver	INFO	Listening on 127.0.0.1:55358
1666083674801	mozrunner::runner	INFO	Running command: "/Applications/Firefox.app/Contents/MacOS/firefox-bin" "--marionette" "--remote-debugging-port" "55359" "--remote-allow-hosts" "localhost" "-foreground" "-no-remote" "-profile" "/var/folders/n4/v2qy6l2d7kl0xhrs561r9b0h0000gn/T/rust_mozprofile7HljAL"
2022-10-18 11:01:15.041 plugin-container[79289:1604126] nil host used in call to allowsSpecificHTTPSCertificateForHost
2022-10-18 11:01:15.041 plugin-container[79289:1604126] nil host used in call to allowsAnyHTTPSCertificateForHost:
2022-10-18 11:01:15.044 plugin-container[79289:1604126] nil host used in call to allowsSpecificHTTPSCertificateForHost
2022-10-18 11:01:15.044 plugin-container[79289:1604126] nil host used in call to allowsAnyHTTPSCertificateForHost:
2022-10-18 11:01:15.044 plugin-container[79289:1604132] nil host used in call to allowsSpecificHTTPSCertificateForHost
2022-10-18 11:01:15.044 plugin-container[79289:1604132] nil host used in call to allowsAnyHTTPSCertificateForHost:
1666083675054	Marionette	INFO	Marionette enabled
1666083675084	Marionette	INFO	Listening on port 55362
Read port: 55362
WebDriver BiDi listening on ws://127.0.0.1:55359
1666083675319	RemoteAgent	WARN	TLS certificate errors will be ignored for this session
UNSUPPORTED (log once): POSSIBLE ISSUE: unit 1 GLD_TEXTURE_INDEX_2D is unloadable and bound to sampler type (Float) - using zero texture because texture unloadable
console.warn: SearchSettings: "get: No settings file exists, new profile?" (new NotFoundError("Could not open the file at /var/folders/n4/v2qy6l2d7kl0xhrs561r9b0h0000gn/T/rust_mozprofile7HljAL/search.json.mozlz4", (void 0)))
DevTools listening on ws://127.0.0.1:55359/devtools/browser/bd15384e-2443-4864-afa5-a33b50620248
console.warn: LoginRecipes: "Falling back to a synchronous message for: https://login.tum.de."
console.warn: LoginRecipes: "Falling back to a synchronous message for: https://login.tum.de."
2022-10-18 09:01:39.999 plugin-container[79368:1604803] nil host used in call to allowsSpecificHTTPSCertificateForHost
2022-10-18 09:01:39.999 plugin-container[79368:1604803] nil host used in call to allowsAnyHTTPSCertificateForHost:
2022-10-18 09:01:40.002 plugin-container[79368:1604803] nil host used in call to allowsSpecificHTTPSCertificateForHost
2022-10-18 09:01:40.002 plugin-container[79368:1604803] nil host used in call to allowsAnyHTTPSCertificateForHost:
2022-10-18 09:01:40.002 plugin-container[79368:1604816] nil host used in call to allowsSpecificHTTPSCertificateForHost
2022-10-18 09:01:40.002 plugin-container[79368:1604816] nil host used in call to allowsAnyHTTPSCertificateForHost:
JavaScript error: , line 0: NotFoundError: No such JSWindowActor 'DevToolsFrame'
JavaScript error: , line 0: NotFoundError: No such JSWindowActor 'DevToolsFrame'
console.error: (new TypeError("currentNode is null", "resource://devtools/client/inspector/shared/style-change-tracker.js", 66))
TypeError: currentNode is null: canMutationImpactCurrentStyles@resource://devtools/client/inspector/shared/style-change-tracker.js:66:20
onMutations@resource://devtools/client/inspector/shared/style-change-tracker.js:84:41
_emit@resource://devtools/shared/event-emitter.js:242:32
emit@resource://devtools/shared/event-emitter.js:186:18
emit@resource://devtools/shared/event-emitter.js:330:18
getMutations@resource://devtools/client/fronts/walker.js:312:10

JavaScript error: , line 0: NotFoundError: No such JSWindowActor 'DevToolsFrame'
Exiting due to channel error.
Exiting due to channel error.
Exiting due to channel error.
Exiting due to channel error.
1666085150619	geckodriver	INFO	Listening on 127.0.0.1:56521
1666085150625	mozrunner::runner	INFO	Running command: "/Applications/Firefox.app/Contents/MacOS/firefox-bin" "--marionette" "--remote-debugging-port" "56522" "--remote-allow-hosts" "localhost" "-foreground" "-no-remote" "-profile" "/var/folders/n4/v2qy6l2d7kl0xhrs561r9b0h0000gn/T/rust_mozprofilediHBXK"
1666085151012	Marionette	INFO	Marionette enabled
1666085151044	Marionette	INFO	Listening on port 56525
2022-10-18 11:25:51.045 plugin-container[82564:1628846] nil host used in call to allowsSpecificHTTPSCertificateForHost
2022-10-18 11:25:51.045 plugin-container[82564:1628846] nil host used in call to allowsAnyHTTPSCertificateForHost:
2022-10-18 11:25:51.049 plugin-container[82564:1628846] nil host used in call to allowsSpecificHTTPSCertificateForHost
2022-10-18 11:25:51.049 plugin-container[82564:1628846] nil host used in call to allowsAnyHTTPSCertificateForHost:
2022-10-18 11:25:51.049 plugin-container[82564:1628844] nil host used in call to allowsSpecificHTTPSCertificateForHost
2022-10-18 11:25:51.049 plugin-container[82564:1628844] nil host used in call to allowsAnyHTTPSCertificateForHost:
Read port: 56525
WebDriver BiDi listening on ws://127.0.0.1:56522
1666085151237	RemoteAgent	WARN	TLS certificate errors will be ignored for this session
UNSUPPORTED (log once): POSSIBLE ISSUE: unit 1 GLD_TEXTURE_INDEX_2D is unloadable and bound to sampler type (Float) - using zero texture because texture unloadable
console.warn: SearchSettings: "get: No settings file exists, new profile?" (new NotFoundError("Could not open the file at /var/folders/n4/v2qy6l2d7kl0xhrs561r9b0h0000gn/T/rust_mozprofilediHBXK/search.json.mozlz4", (void 0)))
DevTools listening on ws://127.0.0.1:56522/devtools/browser/0a07dc3d-6271-4985-9321-336310829b78
console.warn: LoginRecipes: "Falling back to a synchronous message for: https://login.tum.de."
console.warn: LoginRecipes: "Falling back to a synchronous message for: https://login.tum.de."
Exiting due to channel error.
Exiting due to channel error.
Exiting due to channel error.
1666085232716	geckodriver	INFO	Listening on 127.0.0.1:57109
1666085232721	mozrunner::runner	INFO	Running command: "/Applications/Firefox.app/Contents/MacOS/firefox-bin" "--marionette" "--remote-debugging-port" "57110" "--remote-allow-hosts" "localhost" "-foreground" "-no-remote" "-profile" "/var/folders/n4/v2qy6l2d7kl0xhrs561r9b0h0000gn/T/rust_mozprofilelq3kSM"
2022-10-18 11:27:13.076 plugin-container[82807:1630980] nil host used in call to allowsSpecificHTTPSCertificateForHost
2022-10-18 11:27:13.077 plugin-container[82807:1630980] nil host used in call to allowsAnyHTTPSCertificateForHost:
2022-10-18 11:27:13.079 plugin-container[82807:1630980] nil host used in call to allowsSpecificHTTPSCertificateForHost
2022-10-18 11:27:13.079 plugin-container[82807:1630980] nil host used in call to allowsAnyHTTPSCertificateForHost:
2022-10-18 11:27:13.079 plugin-container[82807:1630978] nil host used in call to allowsSpecificHTTPSCertificateForHost
2022-10-18 11:27:13.079 plugin-container[82807:1630978] nil host used in call to allowsAnyHTTPSCertificateForHost:
1666085233085	Marionette	INFO	Marionette enabled
1666085233111	Marionette	INFO	Listening on port 57113
Read port: 57113
WebDriver BiDi listening on ws://127.0.0.1:57110
1666085233305	RemoteAgent	WARN	TLS certificate errors will be ignored for this session
UNSUPPORTED (log once): POSSIBLE ISSUE: unit 1 GLD_TEXTURE_INDEX_2D is unloadable and bound to sampler type (Float) - using zero texture because texture unloadable
console.warn: SearchSettings: "get: No settings file exists, new profile?" (new NotFoundError("Could not open the file at /var/folders/n4/v2qy6l2d7kl0xhrs561r9b0h0000gn/T/rust_mozprofilelq3kSM/search.json.mozlz4", (void 0)))
DevTools listening on ws://127.0.0.1:57110/devtools/browser/748e3ab3-55c0-4bf1-beb9-4cbc30bc5518
console.warn: LoginRecipes: "Falling back to a synchronous message for: https://login.tum.de."
console.warn: LoginRecipes: "Falling back to a synchronous message for: https://login.tum.de."
Exiting due to channel error.
Exiting due to channel error.
Exiting due to channel error.
1666085303844	geckodriver	INFO	Listening on 127.0.0.1:57630
1666085303853	mozrunner::runner	INFO	Running command: "/Applications/Firefox.app/Contents/MacOS/firefox-bin" "--marionette" "--remote-debugging-port" "57631" "--remote-allow-hosts" "localhost" "-foreground" "-no-remote" "-profile" "/var/folders/n4/v2qy6l2d7kl0xhrs561r9b0h0000gn/T/rust_mozprofilezRSifl"
2022-10-18 11:28:24.219 plugin-container[83011:1632858] nil host used in call to allowsSpecificHTTPSCertificateForHost
2022-10-18 11:28:24.219 plugin-container[83011:1632858] nil host used in call to allowsAnyHTTPSCertificateForHost:
1666085304227	Marionette	INFO	Marionette enabled
2022-10-18 11:28:24.250 plugin-container[83011:1632858] nil host used in call to allowsSpecificHTTPSCertificateForHost
2022-10-18 11:28:24.250 plugin-container[83011:1632858] nil host used in call to allowsAnyHTTPSCertificateForHost:
2022-10-18 11:28:24.250 plugin-container[83011:1632856] nil host used in call to allowsSpecificHTTPSCertificateForHost
2022-10-18 11:28:24.250 plugin-container[83011:1632856] nil host used in call to allowsAnyHTTPSCertificateForHost:
1666085304256	Marionette	INFO	Listening on port 57634
Read port: 57634
WebDriver BiDi listening on ws://127.0.0.1:57631
1666085304451	RemoteAgent	WARN	TLS certificate errors will be ignored for this session
UNSUPPORTED (log once): POSSIBLE ISSUE: unit 1 GLD_TEXTURE_INDEX_2D is unloadable and bound to sampler type (Float) - using zero texture because texture unloadable
console.warn: SearchSettings: "get: No settings file exists, new profile?" (new NotFoundError("Could not open the file at /var/folders/n4/v2qy6l2d7kl0xhrs561r9b0h0000gn/T/rust_mozprofilezRSifl/search.json.mozlz4", (void 0)))
DevTools listening on ws://127.0.0.1:57631/devtools/browser/b76f47a9-9cbd-4af6-a35d-6411180f0cea
console.warn: LoginRecipes: "Falling back to a synchronous message for: https://login.tum.de."
console.warn: LoginRecipes: "Falling back to a synchronous message for: https://login.tum.de."
Exiting due to channel error.
Exiting due to channel error.
[GFX1-]: Receive IPC close with reason=AbnormalShutdown
Exiting due to channel error.
